/pfs/data6/home/ul/ul_student/ul_upf92/Project/jepa/app/vjepa/utils.py:209: FutureWarning: `torch.cuda.amp.GradScaler(args...)` is deprecated. Please use `torch.amp.GradScaler('cuda', args...)` instead.
  scaler = torch.cuda.amp.GradScaler() if mixed_precision else None
Process Process-1:
Traceback (most recent call last):
  File "/pfs/data6/home/ul/ul_student/ul_upf92/Project/jepa/app/vjepa/train.py", line 393, in main
    udata, masks_enc, masks_pred = next(loader)
  File "/home/ul/ul_student/ul_upf92/.conda/envs/jepa/lib/python3.9/site-packages/torch/utils/data/dataloader.py", line 733, in __next__
    data = self._next_data()
  File "/home/ul/ul_student/ul_upf92/.conda/envs/jepa/lib/python3.9/site-packages/torch/utils/data/dataloader.py", line 789, in _next_data
    data = self._dataset_fetcher.fetch(index)  # may raise StopIteration
  File "/home/ul/ul_student/ul_upf92/.conda/envs/jepa/lib/python3.9/site-packages/torch/utils/data/_utils/fetch.py", line 52, in fetch
    data = [self.dataset[idx] for idx in possibly_batched_index]
  File "/home/ul/ul_student/ul_upf92/.conda/envs/jepa/lib/python3.9/site-packages/torch/utils/data/_utils/fetch.py", line 52, in <listcomp>
    data = [self.dataset[idx] for idx in possibly_batched_index]
  File "/home/ul/ul_student/ul_upf92/.conda/envs/jepa/lib/python3.9/site-packages/torchvision/datasets/folder.py", line 247, in __getitem__
    sample = self.transform(sample)
  File "/pfs/data6/home/ul/ul_student/ul_upf92/Project/jepa/app/vjepa/transforms.py", line 102, in __call__
    buffer = buffer.permute(3, 0, 1, 2)  # T H W C -> C T H W
RuntimeError: permute(sparse_coo): number of dimensions in the tensor input does not match the length of the desired ordering of dimensions i.e. input.dim() = 3 is not equal to len(dims) = 4

During handling of the above exception, another exception occurred:

Traceback (most recent call last):
  File "/home/ul/ul_student/ul_upf92/.conda/envs/jepa/lib/python3.9/multiprocessing/process.py", line 315, in _bootstrap
    self.run()
  File "/home/ul/ul_student/ul_upf92/.conda/envs/jepa/lib/python3.9/multiprocessing/process.py", line 108, in run
    self._target(*self._args, **self._kwargs)
  File "/pfs/data6/home/ul/ul_student/ul_upf92/Project/jepa/app/main.py", line 60, in process_main
    app_main(params['app'], args=params)
  File "/pfs/data6/home/ul/ul_student/ul_upf92/Project/jepa/app/scaffold.py", line 19, in main
    return importlib.import_module(f'app.{app}.train').main(
  File "/pfs/data6/home/ul/ul_student/ul_upf92/Project/jepa/app/vjepa/train.py", line 397, in main
    udata, masks_enc, masks_pred = next(loader)
  File "/home/ul/ul_student/ul_upf92/.conda/envs/jepa/lib/python3.9/site-packages/torch/utils/data/dataloader.py", line 733, in __next__
    data = self._next_data()
  File "/home/ul/ul_student/ul_upf92/.conda/envs/jepa/lib/python3.9/site-packages/torch/utils/data/dataloader.py", line 789, in _next_data
    data = self._dataset_fetcher.fetch(index)  # may raise StopIteration
  File "/home/ul/ul_student/ul_upf92/.conda/envs/jepa/lib/python3.9/site-packages/torch/utils/data/_utils/fetch.py", line 52, in fetch
    data = [self.dataset[idx] for idx in possibly_batched_index]
  File "/home/ul/ul_student/ul_upf92/.conda/envs/jepa/lib/python3.9/site-packages/torch/utils/data/_utils/fetch.py", line 52, in <listcomp>
    data = [self.dataset[idx] for idx in possibly_batched_index]
  File "/home/ul/ul_student/ul_upf92/.conda/envs/jepa/lib/python3.9/site-packages/torchvision/datasets/folder.py", line 247, in __getitem__
    sample = self.transform(sample)
  File "/pfs/data6/home/ul/ul_student/ul_upf92/Project/jepa/app/vjepa/transforms.py", line 102, in __call__
    buffer = buffer.permute(3, 0, 1, 2)  # T H W C -> C T H W
RuntimeError: permute(sparse_coo): number of dimensions in the tensor input does not match the length of the desired ordering of dimensions i.e. input.dim() = 3 is not equal to len(dims) = 4
[rank0]:[W203 09:54:15.205615017 ProcessGroupNCCL.cpp:1479] Warning: WARNING: destroy_process_group() was not called before program exit, which can leak resources. For more info, please see https://pytorch.org/docs/stable/distributed.html#shutdown (function operator())
