HOST: uc2n561.localdomain
DATE: Mon Feb  2 03:49:50 PM CET 2026
PWD:  /pfs/data6/home/ul/ul_student/ul_upf92/Project/jepa
SLURM_JOB_ID: 3074467
CUDA_VISIBLE_DEVICES: 0
Mon Feb  2 15:49:57 2026       
+-----------------------------------------------------------------------------------------+
| NVIDIA-SMI 570.195.03             Driver Version: 570.195.03     CUDA Version: 12.8     |
|-----------------------------------------+------------------------+----------------------+
| GPU  Name                 Persistence-M | Bus-Id          Disp.A | Volatile Uncorr. ECC |
| Fan  Temp   Perf          Pwr:Usage/Cap |           Memory-Usage | GPU-Util  Compute M. |
|                                         |                        |               MIG M. |
|=========================================+========================+======================|
|   0  NVIDIA A100-PCIE-40GB          On  |   00000000:06:00.0 Off |                    0 |
| N/A   28C    P0             31W /  250W |      23MiB /  40960MiB |      0%      Default |
|                                         |                        |             Disabled |
+-----------------------------------------+------------------------+----------------------+
                                                                                         
+-----------------------------------------------------------------------------------------+
| Processes:                                                                              |
|  GPU   GI   CI              PID   Type   Process name                        GPU Memory |
|        ID   ID                                                               Usage      |
|=========================================================================================|
|    0   N/A  N/A            2273      G   /usr/libexec/Xorg                        17MiB |
+-----------------------------------------------------------------------------------------+
2.7.1+cu118
True
1

============================= JOB FEEDBACK =============================

NodeName=uc2n561
Job ID: 3074467
Cluster: uc3
User/Group: ul_upf92/ul_student
State: FAILED (exit code 1)
Nodes: 1
Cores per node: 16
CPU Utilized: 00:00:08
CPU Efficiency: 1.04% of 00:12:48 core-walltime
Job Wall-clock time: 00:00:48
Memory Utilized: 289.79 MB
Memory Efficiency: 0.44% of 64.00 GB (64.00 GB/node)
