HOST: uc2n566.localdomain
DATE: Mon Feb  2 10:15:04 PM CET 2026
PWD:  /pfs/data6/home/ul/ul_student/ul_upf92/Project/jepa
SLURM_JOB_ID: 3079708
CUDA_VISIBLE_DEVICES: 0
Mon Feb  2 22:15:13 2026       
+-----------------------------------------------------------------------------------------+
| NVIDIA-SMI 570.195.03             Driver Version: 570.195.03     CUDA Version: 12.8     |
|-----------------------------------------+------------------------+----------------------+
| GPU  Name                 Persistence-M | Bus-Id          Disp.A | Volatile Uncorr. ECC |
| Fan  Temp   Perf          Pwr:Usage/Cap |           Memory-Usage | GPU-Util  Compute M. |
|                                         |                        |               MIG M. |
|=========================================+========================+======================|
|   0  NVIDIA A100-PCIE-40GB          On  |   00000000:86:00.0 Off |                    0 |
| N/A   45C    P0             40W /  250W |      23MiB /  40960MiB |      0%      Default |
|                                         |                        |             Disabled |
+-----------------------------------------+------------------------+----------------------+
                                                                                         
+-----------------------------------------------------------------------------------------+
| Processes:                                                                              |
|  GPU   GI   CI              PID   Type   Process name                        GPU Memory |
|        ID   ID                                                               Usage      |
|=========================================================================================|
|    0   N/A  N/A            2263      G   /usr/libexec/Xorg                        17MiB |
+-----------------------------------------------------------------------------------------+
2.7.1+cu118
True
1
[INFO    ][2026-02-02 22:15:56][process_main             ] called-params /pfs/data6/home/ul/ul_student/ul_upf92/Project/jepa/configs/pretrain/lineex_vitl16.yaml
[INFO    ][2026-02-02 22:15:56][process_main             ] loaded params...
{   'app': 'vjepa',
    'data': {   'batch_size': 64,
                'crop_size': 224,
                'dataset_type': 'ImageNet',
                'image_folder': 'data_lineex_imfolder/',
                'num_workers': 12,
                'patch_size': 16,
                'pin_mem': True,
                'root_path': '/pfs/data6/home/ul/ul_student/ul_upf92/Project/jepa'},
    'data_aug': {   'auto_augment': False,
                    'motion_shift': False,
                    'random_resize_aspect_ratio': [0.75, 1.35],
                    'random_resize_scale': [0.3, 1.0],
                    'reprob': 0.0},
    'logging': {   'folder': '/pfs/data6/home/ul/ul_student/ul_upf92/Project/jepa/outputs/jepa_lineex',
                   'write_tag': 'lineex_vjepa'},
    'loss': {'loss_exp': 1.0, 'reg_coeff': 0.0},
    'mask': [   {   'aspect_ratio': [0.75, 1.5],
                    'max_keep': None,
                    'max_temporal_keep': 1.0,
                    'num_blocks': 8,
                    'spatial_scale': [0.15, 0.15],
                    'temporal_scale': [1.0, 1.0]},
                {   'aspect_ratio': [0.75, 1.5],
                    'max_keep': None,
                    'max_temporal_keep': 1.0,
                    'num_blocks': 2,
                    'spatial_scale': [0.7, 0.7],
                    'temporal_scale': [1.0, 1.0]}],
    'meta': {   'dtype': 'bfloat16',
                'eval_freq': 100,
                'load_checkpoint': False,
                'read_checkpoint': None,
                'seed': 234,
                'use_sdpa': True},
    'model': {   'model_name': 'vit_large',
                 'pred_depth': 12,
                 'pred_embed_dim': 384,
                 'uniform_power': True,
                 'use_mask_tokens': True,
                 'zero_init_mask_tokens': True},
    'nodes': 1,
    'optimization': {   'clip_grad': 10.0,
                        'ema': [0.998, 1.0],
                        'epochs': 1,
                        'final_lr': 1e-06,
                        'final_weight_decay': 0.4,
                        'ipe': 200,
                        'ipe_scale': 1.0,
                        'lr': 0.000625,
                        'start_lr': 0.0002,
                        'warmup': 0,
                        'weight_decay': 0.04},
    'tasks_per_node': 1}
[INFO    ][2026-02-02 22:15:57][process_main             ] Running... (rank: 0/1)
[INFO    ][2026-02-02 22:15:57][main                     ] Running pre-training of app: vjepa
[INFO    ][2026-02-02 22:16:13][main                     ] which_dtype='bfloat16'
[INFO    ][2026-02-02 22:16:13][main                     ] Initialized (rank/world-size) 0/1

============================= JOB FEEDBACK =============================

NodeName=uc2n566
Job ID: 3079708
Cluster: uc3
User/Group: ul_upf92/ul_student
State: COMPLETED (exit code 0)
Nodes: 1
Cores per node: 16
CPU Utilized: 00:00:23
CPU Efficiency: 1.65% of 00:23:12 core-walltime
Job Wall-clock time: 00:01:27
Memory Utilized: 559.00 MB
Memory Efficiency: 0.85% of 64.00 GB (64.00 GB/node)
