Process Process-1:
Traceback (most recent call last):
  File "/home/ul/ul_student/ul_upf92/.conda/envs/jepa/lib/python3.9/multiprocessing/process.py", line 315, in _bootstrap
    self.run()
  File "/home/ul/ul_student/ul_upf92/.conda/envs/jepa/lib/python3.9/multiprocessing/process.py", line 108, in run
    self._target(*self._args, **self._kwargs)
  File "/pfs/data6/home/ul/ul_student/ul_upf92/Project/jepa/app/main.py", line 60, in process_main
    app_main(params['app'], args=params)
  File "/pfs/data6/home/ul/ul_student/ul_upf92/Project/jepa/app/scaffold.py", line 19, in main
    return importlib.import_module(f'app.{app}.train').main(
  File "/pfs/data6/home/ul/ul_student/ul_upf92/Project/jepa/app/vjepa/train.py", line 252, in main
    unsupervised_sampler) = init_data(
  File "/pfs/data6/home/ul/ul_student/ul_upf92/Project/jepa/src/datasets/data_manager.py", line 52, in init_data
    dataset, data_loader, dist_sampler = make_imagedataset(
  File "/pfs/data6/home/ul/ul_student/ul_upf92/Project/jepa/src/datasets/image_dataset.py", line 58, in make_imagedataset
    dataset = ImageFolder(
  File "/pfs/data6/home/ul/ul_student/ul_upf92/Project/jepa/src/datasets/image_dataset.py", line 36, in __init__
    data_path = os.path.join(root, image_folder, suffix)
  File "/home/ul/ul_student/ul_upf92/.conda/envs/jepa/lib/python3.9/posixpath.py", line 76, in join
    a = os.fspath(a)
TypeError: expected str, bytes or os.PathLike object, not list
[rank0]:[W202 22:22:09.533338322 ProcessGroupNCCL.cpp:1479] Warning: WARNING: destroy_process_group() was not called before program exit, which can leak resources. For more info, please see https://pytorch.org/docs/stable/distributed.html#shutdown (function operator())
