HOST: uc2n561.localdomain
DATE: Mon Feb  2 04:24:46 PM CET 2026
PWD:  /pfs/data6/home/ul/ul_student/ul_upf92/Project/jepa
SLURM_JOB_ID: 3074732
CUDA_VISIBLE_DEVICES: 0
Mon Feb  2 16:24:52 2026       
+-----------------------------------------------------------------------------------------+
| NVIDIA-SMI 570.195.03             Driver Version: 570.195.03     CUDA Version: 12.8     |
|-----------------------------------------+------------------------+----------------------+
| GPU  Name                 Persistence-M | Bus-Id          Disp.A | Volatile Uncorr. ECC |
| Fan  Temp   Perf          Pwr:Usage/Cap |           Memory-Usage | GPU-Util  Compute M. |
|                                         |                        |               MIG M. |
|=========================================+========================+======================|
|   0  NVIDIA A100-PCIE-40GB          On  |   00000000:06:00.0 Off |                    0 |
| N/A   28C    P0             31W /  250W |      23MiB /  40960MiB |      0%      Default |
|                                         |                        |             Disabled |
+-----------------------------------------+------------------------+----------------------+
                                                                                         
+-----------------------------------------------------------------------------------------+
| Processes:                                                                              |
|  GPU   GI   CI              PID   Type   Process name                        GPU Memory |
|        ID   ID                                                               Usage      |
|=========================================================================================|
|    0   N/A  N/A            2273      G   /usr/libexec/Xorg                        17MiB |
+-----------------------------------------------------------------------------------------+
2.7.1+cu118
True
1
[INFO    ][2026-02-02 16:25:29][process_main             ] called-params /pfs/data6/home/ul/ul_student/ul_upf92/Project/jepa/configs/pretrain/lineex_vitb16.yaml

============================= JOB FEEDBACK =============================

NodeName=uc2n561
Job ID: 3074732
Cluster: uc3
User/Group: ul_upf92/ul_student
State: COMPLETED (exit code 0)
Nodes: 1
Cores per node: 16
CPU Utilized: 00:00:15
CPU Efficiency: 1.70% of 00:14:40 core-walltime
Job Wall-clock time: 00:00:55
Memory Utilized: 337.86 MB
Memory Efficiency: 0.52% of 64.00 GB (64.00 GB/node)
