HOST: uc2n562.localdomain
DATE: Mon Feb  2 03:56:56 PM CET 2026
PWD:  /pfs/data6/home/ul/ul_student/ul_upf92/Project/jepa
SLURM_JOB_ID: 3074498
CUDA_VISIBLE_DEVICES: 0
Mon Feb  2 15:57:03 2026       
+-----------------------------------------------------------------------------------------+
| NVIDIA-SMI 570.195.03             Driver Version: 570.195.03     CUDA Version: 12.8     |
|-----------------------------------------+------------------------+----------------------+
| GPU  Name                 Persistence-M | Bus-Id          Disp.A | Volatile Uncorr. ECC |
| Fan  Temp   Perf          Pwr:Usage/Cap |           Memory-Usage | GPU-Util  Compute M. |
|                                         |                        |               MIG M. |
|=========================================+========================+======================|
|   0  NVIDIA A100-PCIE-40GB          On  |   00000000:2F:00.0 Off |                    0 |
| N/A   38C    P0             34W /  250W |      23MiB /  40960MiB |      0%      Default |
|                                         |                        |             Disabled |
+-----------------------------------------+------------------------+----------------------+
                                                                                         
+-----------------------------------------------------------------------------------------+
| Processes:                                                                              |
|  GPU   GI   CI              PID   Type   Process name                        GPU Memory |
|        ID   ID                                                               Usage      |
|=========================================================================================|
|    0   N/A  N/A            2291      G   /usr/libexec/Xorg                        17MiB |
+-----------------------------------------------------------------------------------------+
2.7.1+cu118
True
1

============================= JOB FEEDBACK =============================

NodeName=uc2n562
Job ID: 3074498
Cluster: uc3
User/Group: ul_upf92/ul_student
State: FAILED (exit code 2)
Nodes: 1
Cores per node: 16
CPU Utilized: 00:00:14
CPU Efficiency: 1.56% of 00:14:56 core-walltime
Job Wall-clock time: 00:00:56
Memory Utilized: 306.27 MB
Memory Efficiency: 0.47% of 64.00 GB (64.00 GB/node)
